<?xml version="1.0" encoding="UTF-8"?>
<!-- Generated by org.testng.reporters.JUnitReportReporter -->
<testsuite skipped="0" hostname="DESKTOP-QKEFB85" name="firsttestngpackage.Sample2" tests="3" failures="0" timestamp="2022-09-10T19:54:01 IST" time="0.009" errors="0">
  <testcase name="testCase1" time="0.003" classname="firsttestngpackage.Sample2"/>
  <system-out/>
  <testcase name="testCse2" time="0.002" classname="firsttestngpackage.Sample2"/>
  <system-out/>
  <testcase name="testCAse2" time="0.004" classname="firsttestngpackage.Sample2"/>
  <system-out/>
</testsuite> <!-- firsttestngpackage.Sample2 -->
