<?xml version="1.0" encoding="UTF-8"?>
<!-- Generated by org.testng.reporters.JUnitReportReporter -->
<testsuite skipped="0" hostname="DESKTOP-QKEFB85" name="firsttestngpackage.Annotations2" tests="3" failures="0" timestamp="2022-09-12T10:37:15 IST" time="0.017" errors="0">
  <testcase name="taskCreation" time="0.009" classname="firsttestngpackage.Annotations2"/>
  <system-out/>
  <testcase name="deleteTask" time="0.005" classname="firsttestngpackage.Annotations2"/>
  <system-out/>
  <testcase name="cleanUp" time="0.003" classname="firsttestngpackage.Annotations2"/>
  <system-out/>
</testsuite> <!-- firsttestngpackage.Annotations2 -->
