<?xml version="1.0" encoding="UTF-8"?>
<!-- Generated by org.testng.reporters.JUnitReportReporter -->
<testsuite skipped="0" hostname="DESKTOP-QKEFB85" name="firsttestngpackage.Sample3" tests="3" failures="0" timestamp="2022-09-10T19:54:01 IST" time="0.010" errors="0">
  <testcase name="compose" time="0.004" classname="firsttestngpackage.Sample3"/>
  <system-out/>
  <testcase name="Login" time="0.003" classname="firsttestngpackage.Sample3"/>
  <system-out/>
  <testcase name="SignUp" time="0.003" classname="firsttestngpackage.Sample3"/>
  <system-out/>
</testsuite> <!-- firsttestngpackage.Sample3 -->
