<?xml version="1.0" encoding="UTF-8"?>
<!-- Generated by org.testng.reporters.JUnitReportReporter -->
<testsuite skipped="0" hostname="DESKTOP-QKEFB85" name="firsttestngpackage.Sample1" tests="1" failures="0" timestamp="2022-09-10T19:54:01 IST" time="0.005" errors="0">
  <testcase name="testCase1" time="0.005" classname="firsttestngpackage.Sample1"/>
  <system-out/>
</testsuite> <!-- firsttestngpackage.Sample1 -->
