<?xml version="1.0" encoding="UTF-8"?>
<!-- Generated by org.testng.reporters.JUnitReportReporter -->
<testsuite skipped="0" hostname="DESKTOP-QKEFB85" name="firsttestngpackage.ActiTimePriority" tests="4" failures="0" timestamp="2022-09-10T19:54:01 IST" time="0.021" errors="0">
  <testcase name="OPenBrowserAndAppUrl" time="0.004" classname="firsttestngpackage.ActiTimePriority"/>
  <system-out/>
  <testcase name="login" time="0.008" classname="firsttestngpackage.ActiTimePriority"/>
  <system-out/>
  <testcase name="createTask" time="0.005" classname="firsttestngpackage.ActiTimePriority"/>
  <system-out/>
  <testcase name="logOutClose" time="0.004" classname="firsttestngpackage.ActiTimePriority"/>
  <system-out/>
</testsuite> <!-- firsttestngpackage.ActiTimePriority -->
