<?xml version="1.0" encoding="UTF-8"?>
<!-- Generated by org.testng.reporters.JUnitReportReporter -->
<testsuite skipped="0" hostname="DESKTOP-QKEFB85" name="firsttestngpackage.ActiTimeEnabled" tests="3" failures="0" timestamp="2022-09-10T19:54:01 IST" time="0.024" errors="0">
  <testcase name="openBrowserAndAppUrl" time="0.005" classname="firsttestngpackage.ActiTimeEnabled"/>
  <system-out/>
  <testcase name="logOut" time="0.013" classname="firsttestngpackage.ActiTimeEnabled"/>
  <system-out/>
  <testcase name="login" time="0.006" classname="firsttestngpackage.ActiTimeEnabled"/>
  <system-out/>
</testsuite> <!-- firsttestngpackage.ActiTimeEnabled -->
