<?xml version="1.0" encoding="UTF-8"?>
<!-- Generated by org.testng.reporters.JUnitReportReporter -->
<testsuite skipped="0" hostname="DESKTOP-QKEFB85" name="firsttestngpackage.ActiTimeInvoation" tests="5" failures="0" timestamp="2022-09-10T19:54:01 IST" time="0.008" errors="0">
  <testcase name="openBrowserAndAppUrl" time="0.003" classname="firsttestngpackage.ActiTimeInvoation"/>
  <system-out/>
  <testcase name="openBrowserAndAppUrl" time="0.001" classname="firsttestngpackage.ActiTimeInvoation"/>
  <system-out/>
  <testcase name="openBrowserAndAppUrl" time="0.001" classname="firsttestngpackage.ActiTimeInvoation"/>
  <system-out/>
  <testcase name="openBrowserAndAppUrl" time="0.002" classname="firsttestngpackage.ActiTimeInvoation"/>
  <system-out/>
  <testcase name="openBrowserAndAppUrl" time="0.001" classname="firsttestngpackage.ActiTimeInvoation"/>
  <system-out/>
</testsuite> <!-- firsttestngpackage.ActiTimeInvoation -->
