<?xml version="1.0" encoding="UTF-8"?>
<!-- Generated by org.testng.reporters.JUnitReportReporter -->
<testsuite skipped="0" hostname="DESKTOP-QKEFB85" name="firsttestngpackage.NewTestNGFile" tests="1" failures="0" timestamp="2022-09-10T19:54:01 IST" time="0.018" errors="0">
  <testcase name="f" time="0.018" classname="firsttestngpackage.NewTestNGFile"/>
  <system-out/>
</testsuite> <!-- firsttestngpackage.NewTestNGFile -->
