<?xml version="1.0" encoding="UTF-8"?>
<!-- Generated by org.testng.reporters.JUnitReportReporter -->
<testsuite skipped="0" hostname="DESKTOP-QKEFB85" name="firsttestngpackage.ActimeTimeout" tests="1" failures="0" timestamp="2022-09-10T19:54:01 IST" time="0.204" errors="0">
  <testcase name="openBrowserAndAppUrl" time="0.204" classname="firsttestngpackage.ActimeTimeout"/>
  <system-out/>
</testsuite> <!-- firsttestngpackage.ActimeTimeout -->
