<?xml version="1.0" encoding="UTF-8"?>
<!-- Generated by org.testng.reporters.JUnitReportReporter -->
<testsuite skipped="0" hostname="DESKTOP-QKEFB85" name="firsttestngpackage.NewTest" tests="2" failures="0" timestamp="2022-09-10T19:58:49 IST" time="0.028" errors="0">
  <testcase name="f1" time="0.012" classname="firsttestngpackage.NewTest"/>
  <system-out/>
  <testcase name="f" time="0.016" classname="firsttestngpackage.NewTest"/>
  <system-out/>
</testsuite> <!-- firsttestngpackage.NewTest -->
