<?xml version="1.0" encoding="UTF-8"?>
<!-- Generated by org.testng.reporters.JUnitReportReporter -->
<testsuite skipped="0" hostname="DESKTOP-QKEFB85" name="firsttestngpackage.ActiTimeException" tests="2" failures="0" timestamp="2022-09-10T19:54:01 IST" time="0.006" errors="0">
  <testcase name="executeTimeout" time="0.004" classname="firsttestngpackage.ActiTimeException"/>
  <system-out/>
  <testcase name="dividedByZeroExample1" time="0.002" classname="firsttestngpackage.ActiTimeException"/>
  <system-out/>
</testsuite> <!-- firsttestngpackage.ActiTimeException -->
