<?xml version="1.0" encoding="UTF-8"?>
<!-- Generated by org.testng.reporters.JUnitReportReporter -->
<testsuite skipped="0" hostname="DESKTOP-QKEFB85" name="firsttestngpackage.Sample4" tests="3" failures="0" timestamp="2022-09-10T19:54:01 IST" time="0.015" errors="0">
  <testcase name="c_compose" time="0.006" classname="firsttestngpackage.Sample4"/>
  <system-out/>
  <testcase name="b_login" time="0.006" classname="firsttestngpackage.Sample4"/>
  <system-out/>
  <testcase name="a_Signup" time="0.003" classname="firsttestngpackage.Sample4"/>
  <system-out/>
</testsuite> <!-- firsttestngpackage.Sample4 -->
