<?xml version="1.0" encoding="UTF-8"?>
<!-- Generated by org.testng.reporters.JUnitReportReporter -->
<testsuite skipped="0" hostname="DESKTOP-QKEFB85" name="firsttestngpackage.Annotations3" tests="2" failures="0" timestamp="2022-09-12T10:43:12 IST" time="0.025" errors="0">
  <testcase name="taskCreation" time="0.013" classname="firsttestngpackage.Annotations3"/>
  <system-out/>
  <testcase name="deleteTask" time="0.012" classname="firsttestngpackage.Annotations3"/>
  <system-out/>
</testsuite> <!-- firsttestngpackage.Annotations3 -->
