<?xml version="1.0" encoding="UTF-8"?>
<!-- Generated by org.testng.reporters.JUnitReportReporter -->
<testsuite skipped="0" hostname="DESKTOP-QKEFB85" name="firsttestngpackage.ClassLabelAnnotation" tests="5" failures="0" timestamp="2022-09-10T19:54:01 IST" time="0.042" errors="0">
  <testcase name="TestCase1" time="0.017" classname="firsttestngpackage.ClassLabelAnnotation"/>
  <system-out/>
  <testcase name="TestCse3" time="0.009" classname="firsttestngpackage.ClassLabelAnnotation"/>
  <system-out/>
  <testcase name="TestCase2" time="0.002" classname="firsttestngpackage.ClassLabelAnnotation"/>
  <system-out/>
  <testcase name="TestCase5" time="0.006" classname="firsttestngpackage.ClassLabelAnnotation"/>
  <system-out/>
  <testcase name="Testcase4" time="0.008" classname="firsttestngpackage.ClassLabelAnnotation"/>
  <system-out/>
</testsuite> <!-- firsttestngpackage.ClassLabelAnnotation -->
