<?xml version="1.0" encoding="UTF-8"?>
<!-- Generated by org.testng.reporters.JUnitReportReporter -->
<testsuite skipped="0" hostname="DESKTOP-QKEFB85" name="testngsamples.GroupExamples" tests="5" failures="0" timestamp="2022-09-26T13:52:57 IST" time="0.063" errors="0">
  <testcase name="testCaseFive" time="0.017" classname="testngsamples.GroupExamples"/>
  <system-out/>
  <testcase name="testCaseTwo" time="0.004" classname="testngsamples.GroupExamples"/>
  <system-out/>
  <testcase name="testCaseThree" time="0.002" classname="testngsamples.GroupExamples"/>
  <system-out/>
  <testcase name="testCaseOne" time="0.022" classname="testngsamples.GroupExamples"/>
  <system-out/>
  <testcase name="testCaseFour" time="0.018" classname="testngsamples.GroupExamples"/>
  <system-out/>
</testsuite> <!-- testngsamples.GroupExamples -->
