<?xml version="1.0" encoding="UTF-8"?>
<!-- Generated by org.testng.reporters.JUnitReportReporter -->
<testsuite skipped="0" hostname="DESKTOP-QKEFB85" name="New.grouping" tests="6" failures="0" timestamp="2022-09-22T20:46:03 IST" time="0.084" errors="0">
  <testcase name="method1" time="0.021" classname="New.grouping"/>
  <system-out/>
  <testcase name="method6" time="0.016" classname="New.grouping"/>
  <system-out/>
  <testcase name="method3" time="0.023" classname="New.grouping"/>
  <system-out/>
  <testcase name="method7" time="0.011" classname="New.grouping"/>
  <system-out/>
  <testcase name="method2" time="0.005" classname="New.grouping"/>
  <system-out/>
  <testcase name="method4" time="0.008" classname="New.grouping"/>
  <system-out/>
</testsuite> <!-- New.grouping -->
