<?xml version="1.0" encoding="UTF-8"?>
<!-- Generated by org.testng.reporters.JUnitReportReporter -->
<testsuite skipped="0" hostname="DESKTOP-QKEFB85" name="testngsamples.ParameterizationNewTest" tests="2" failures="0" timestamp="18 Sep 2022 20:04:03 GMT" time="0.021" errors="0">
  <testcase name="f" time="0.003" classname="testngsamples.ParameterizationNewTest"/>
  <testcase name="f" time="0.018" classname="testngsamples.ParameterizationNewTest"/>
</testsuite> <!-- testngsamples.ParameterizationNewTest -->
