<?xml version="1.0" encoding="UTF-8"?>
<!-- Generated by org.testng.reporters.JUnitReportReporter -->
<testsuite skipped="0" hostname="DESKTOP-QKEFB85" name="testngsamples.ParallelExecutionOfMethods" tests="2" failures="0" timestamp="2022-09-26T13:52:57 IST" time="0.014" errors="0">
  <testcase name="testCaseOne" time="0.002" classname="testngsamples.ParallelExecutionOfMethods"/>
  <system-out/>
  <testcase name="testCaseTwo" time="0.012" classname="testngsamples.ParallelExecutionOfMethods"/>
  <system-out/>
</testsuite> <!-- testngsamples.ParallelExecutionOfMethods -->
