<?xml version="1.0" encoding="UTF-8"?>
<!-- Generated by org.testng.reporters.JUnitReportReporter -->
<testsuite skipped="0" hostname="DESKTOP-QKEFB85" name="testngsamples.IncludeAndExcludeTestMethods" tests="3" failures="0" timestamp="2022-09-26T13:52:57 IST" time="0.084" errors="0">
  <testcase name="addDepartmentTestCase" time="0.014" classname="testngsamples.IncludeAndExcludeTestMethods"/>
  <system-out/>
  <testcase name="addEmployeeTestCase" time="0.058" classname="testngsamples.IncludeAndExcludeTestMethods"/>
  <system-out/>
  <testcase name="addLocationTestCase" time="0.012" classname="testngsamples.IncludeAndExcludeTestMethods"/>
  <system-out/>
</testsuite> <!-- testngsamples.IncludeAndExcludeTestMethods -->
